==============================================================================
POM                                                                           
==============================================================================
POM.TestCases                                                                 
==============================================================================
POM.TestCases.ForgetPasswordTest                                              
==============================================================================
validate Reset Password functionality                                 | PASS |
------------------------------------------------------------------------------
validate cancel functionality                                         | PASS |
------------------------------------------------------------------------------
POM.TestCases.ForgetPasswordTest                                      | PASS |
2 tests, 2 passed, 0 failed
==============================================================================
POM.TestCases                                                         | PASS |
2 tests, 2 passed, 0 failed
==============================================================================
POM                                                                   | PASS |
2 tests, 2 passed, 0 failed
==============================================================================
Output:  C:\RobotFrameworkBasics\POM\pabot_results\0\output.xml
