==============================================================================
POM                                                                           
==============================================================================
POM.TestCases                                                                 
==============================================================================
POM.TestCases.LoginPageTest                                                   
==============================================================================
validate unsuccessful login using invalid credentials                 | PASS |
------------------------------------------------------------------------------
validate unsuccessful login for blank username                        | PASS |
------------------------------------------------------------------------------
validate unsucessful login for black password                         | PASS |
------------------------------------------------------------------------------
validate successful login                                             | PASS |
------------------------------------------------------------------------------
POM.TestCases.LoginPageTest                                           | PASS |
4 tests, 4 passed, 0 failed
==============================================================================
POM.TestCases                                                         | PASS |
4 tests, 4 passed, 0 failed
==============================================================================
POM                                                                   | PASS |
4 tests, 4 passed, 0 failed
==============================================================================
Output:  C:\RobotFrameworkBasics\POM\pabot_results\1\output.xml
